[2J[01;01H[=3h[2J[01;01H[2J[01;01H[=3h[2J[01;01H[2J[01;01H[=3h[2J[01;01H[0m[35m[40m[2J[01;01H[01;01H[0m[37m[40mUEFI Interactive Shell v2.2
EDK II
UEFI v2.60 (EDK II, 0x00010000)
[1m[33m[40mMapping table[0m[37m[40m
[1m[33m[40m      FS0:[0m[37m[40m [1m[37m[40mAlias(s):[0m[37m[40mHD0a65535a1:;BLK1:
          PciRoot(0x0)/Pci(0x1F,0x2)/Sata(0x0,0xFFFF,0x0)/HD(1,MBR,0xBE1AFDFA,0x3F,0xFBFC1)
[1m[33m[40m     BLK0:[0m[37m[40m [1m[37m[40mAlias(s):[0m[37m[40m
          PciRoot(0x0)/Pci(0x1F,0x2)/Sata(0x0,0xFFFF,0x0)
[1m[33m[40m     BLK2:[0m[37m[40m [1m[37m[40mAlias(s):[0m[37m[40m
          PciRoot(0x0)/Pci(0x1F,0x2)/Sata(0x2,0xFFFF,0x0)
[12;01HPress [1m[37m[40mESC[0m[37m[40m in 5 seconds to skip [1m[33m[40mstartup.nsh[0m[37m[40m or any other key to continue.[12;01HPress [1m[37m[40mESC[0m[37m[40m in 4 seconds to skip [1m[33m[40mstartup.nsh[0m[37m[40m or any other key to continue.[12;01HPress [1m[37m[40mESC[0m[37m[40m in 3 seconds to skip [1m[33m[40mstartup.nsh[0m[37m[40m or any other key to continue.[12;01HPress [1m[37m[40mESC[0m[37m[40m in 2 seconds to skip [1m[33m[40mstartup.nsh[0m[37m[40m or any other key to continue.[12;01HPress [1m[37m[40mESC[0m[37m[40m in 1 seconds to skip [1m[33m[40mstartup.nsh[0m[37m[40m or any other key to continue.
[13;01H[1m[33m[40mShell> [0m[37m[40m[13;08H
[14;01H[1m[33m[40mShell> [0m[37m[40m[14;08H
[15;01H[1m[33m[40mShell> [0m[37m[40m[15;08Hf[15;09H[15;09Hs[15;10H[15;10H0[15;11H[15;11H:[15;12H[15;12H
[16;01H[1m[33m[40mFS0:\> [0m[37m[40m[16;08Ha[16;09H[16;09Hx[16;10H[16;10Hi[16;11H[16;08Haxiapp_init_1.efi[16;25H[16;25H
______________________________________
Shell Test Tool For Dram Init 
The App Version is 2.3
usage:   [ SocketNo --  DimmNum -- Initmode-- Clock -- DimmType -- DataWidth -- ECCEnable --Mirror --CALenable--RankInterleave -- CHDecode -- BGBit0Decode --BankInterleave]
Instance:[   0/1    --   1..4   --   hw/sw  --  800  --   r/u    --  x8/x16   --    y/n   --  y/n  -- y/n     --     y/n       --    A/B    --  A/B    --   y/n]
CHDecode      A:A8^A9        B:A8^A9^A12^A13^A18^A19    Default:A
BGBit0Decode  A:A[7]^A[14]   B:A[6]^A[14]               Default:A
[25;01H[1m[33m[40mFS0:\> [0m[37m[40m[25;08Haxiapp_init_1.efi[25;25H[25;25H [25;26H[25;26H0[25;27H[25;27H [25;28H[25;28H1[25;29H[25;29H [25;30H[25;30Hh[25;31H[25;31Hw[25;32H[25;32H [25;33H[25;33H5[25;34H[25;34H3[25;35H[25;35H3[25;36H[25;36H [25;37H[25;37Hu[25;38H[25;38H [25;39H[25;39Hx[25;40H[25;40H8[25;41H[25;41H [25;42H[25;42Hn[25;43H[25;43H [25;44H[25;44Hn[25;45H[25;45H [25;46H[25;46Hn[25;47H[25;47H [25;48H[25;48Hn[25;49H[25;49H


0 1 hw 533 u x8 n n n
_____________________________________________
ChADIMMNumber =1
ChARankNumber =2
ChBDIMMNumber =0
ChBRankNumber =0
ChADRAMChipDataWidth=8
ChBDRAMChipDataWidth=0
DimmType:NO_REG_DIMM
DramInitMethod :0
HZ :a
VRIntlv =1
CHdecode =1
BankGroupBit0Decode =0
*********************************************
send Cache model
Read Configure register offset=0xFFF,data=0x0,size=1
Write Configure register offset=0xFFF,data=0x0,size=1
 
______________________Step1 GetBasicInformation________________

______________________Step2 DRAMInitTable_____________________

Read Configure register offset=0x134,data=0x0,size=1
Write Configure register offset=0x134,data=0xD,size=1
 
Read Configure register offset=0x134,data=0x0,size=1
Write Configure register offset=0x134,data=0x90,size=1
 
Read Configure register offset=0x144,data=0x0,size=1
Write Configure register offset=0x144,data=0x0,size=1
 
Read Configure register offset=0xA6,data=0x98,size=1
Write Configure register offset=0xA6,data=0x98,size=1
 
Read Configure register offset=0x13F,data=0x0,size=1
Write Configure register offset=0x13F,data=0x40,size=1
 
Read Configure register offset=0x13F,data=0x0,size=1
Write Configure register offset=0x13F,data=0x2,size=1
 
Read Configure register offset=0x14E,data=0x0,size=1
Write Configure register offset=0x14E,data=0x80,size=1
 
Read Configure register offset=0x136,data=0x0,size=1
Write Configure register offset=0x136,data=0x40,size=1
 
Read Configure register offset=0x136,data=0x0,size=1
Write Configure register offset=0x136,data=0x4,size=1
 
Read Configure register offset=0x162,data=0x0,size=1
Write Configure register offset=0x162,data=0xFF,size=1
 
Read Configure register offset=0x163,data=0x0,size=1
Write Configure register offset=0x163,data=0xF,size=1
 
Read Configure register offset=0x16B,data=0x0,size=1
Write Configure register offset=0x16B,data=0xC,size=1
 
Read Configure register offset=0x16D,data=0x0,size=1
Write Configure register offset=0x16D,data=0x80,size=1
 
Read Configure register offset=0x181,data=0x0,size=1
Write Configure register offset=0x181,data=0x44,size=1
 
Read Configure register offset=0x520,data=0xFF,size=1
Write Configure register offset=0x520,data=0xFF,size=1
 
Read Configure register offset=0x46F,data=0xFF,size=1
Write Configure register offset=0x46F,data=0xFF,size=1
 
Read Configure register offset=0x88,data=0x8,size=1
Write Configure register offset=0x88,data=0x1,size=1
 
Read Configure register offset=0x89,data=0x1,size=1
Write Configure register offset=0x89,data=0x2,size=1
 
Read Configure register offset=0x8A,data=0x1,size=1
Write Configure register offset=0x8A,data=0x3,size=1
 
Read Configure register offset=0x8B,data=0x1,size=1
Write Configure register offset=0x8B,data=0x4,size=1
 
Read Configure register offset=0x8C,data=0x1,size=1
Write Configure register offset=0x8C,data=0x5,size=1
 
Read Configure register offset=0x8D,data=0x1,size=1
Write Configure register offset=0x8D,data=0x6,size=1
 
Read Configure register offset=0x8E,data=0x1,size=1
Write Configure register offset=0x8E,data=0x7,size=1
 
Read Configure register offset=0x8F,data=0x1,size=1
Write Configure register offset=0x8F,data=0x8,size=1
 
Read Configure register offset=0x90,data=0x0,size=1
Write Configure register offset=0x90,data=0x0,size=1
 
Read Configure register offset=0x91,data=0x0,size=1
Write Configure register offset=0x91,data=0x1,size=1
 
Read Configure register offset=0x92,data=0x0,size=1
Write Configure register offset=0x92,data=0x2,size=1
 
Read Configure register offset=0x93,data=0x0,size=1
Write Configure register offset=0x93,data=0x3,size=1
 
Read Configure register offset=0x94,data=0x0,size=1
Write Configure register offset=0x94,data=0x4,size=1
 
Read Configure register offset=0x95,data=0x0,size=1
Write Configure register offset=0x95,data=0x5,size=1
 
Read Configure register offset=0x96,data=0x0,size=1
Write Configure register offset=0x96,data=0x6,size=1
 
Read Configure register offset=0x97,data=0x0,size=1
Write Configure register offset=0x97,data=0x7,size=1
 
Read Configure register offset=0xA4,data=0x98,size=1
Write Configure register offset=0xA4,data=0xD8,size=1
 
Read Configure register offset=0xA5,data=0x98,size=1
Write Configure register offset=0xA5,data=0xEC,size=1
 
Read Configure register offset=0xA8,data=0x11,size=1
Write Configure register offset=0xA8,data=0x11,size=1
 
Read Configure register offset=0xA9,data=0x11,size=1
Write Configure register offset=0xA9,data=0x91,size=1
 
Read Configure register offset=0xA7,data=0x98,size=1
Write Configure register offset=0xA7,data=0x58,size=1
 
Read Configure register offset=0xF,data=0xFF,size=1
Write Configure register offset=0xF,data=0x9F,size=1
 
Read Configure register offset=0xF66,data=0xFF,size=1
Write Configure register offset=0xF66,data=0xFF,size=1
 
Read Configure register offset=0x0,data=0xFF,size=1
Write Configure register offset=0x0,data=0xF2,size=1
 
Read Configure register offset=0x16D,data=0x0,size=1
Write Configure register offset=0x16D,data=0x0,size=1
 
Read Configure register offset=0x181,data=0x0,size=1
Write Configure register offset=0x181,data=0x40,size=1
 
_______________________Step3 SetDramFeature__________________

Read Configure register offset=0x172,data=0x0,size=1
Write Configure register offset=0x172,data=0x4,size=1
 
_______________________Step4 SIValueProgramming______________

Read Configure register offset=0x192,data=0x0,size=2
Write Configure register offset=0x192,data=0x8,size=2
 
Read Configure register offset=0x193,data=0x0,size=2
Write Configure register offset=0x193,data=0x0,size=2
 
Read Configure register offset=0x193,data=0x0,size=2
Write Configure register offset=0x193,data=0x0,size=2
 
Read Configure register offset=0x193,data=0x0,size=2
Write Configure register offset=0x193,data=0x0,size=2
 
Read Configure register offset=0x193,data=0x0,size=2
Write Configure register offset=0x193,data=0x0,size=2
 
Read Configure register offset=0x1E3,data=0x0,size=2
Write Configure register offset=0x1E3,data=0x80,size=2
 
Read Configure register offset=0x1E3,data=0x0,size=2
Write Configure register offset=0x1E3,data=0x20,size=2
 
Read Configure register offset=0xCC6,data=0x0,size=2
Write Configure register offset=0xCC6,data=0x40,size=2
 
Read Configure register offset=0xD4C,data=0x0,size=2
Write Configure register offset=0xD4C,data=0x0,size=2
 
Read Configure register offset=0xD4D,data=0x0,size=2
Write Configure register offset=0xD4D,data=0x0,size=2
 
Read Configure register offset=0xD4E,data=0x0,size=2
Write Configure register offset=0xD4E,data=0x0,size=2
 
Read Configure register offset=0xD4F,data=0x0,size=2
Write Configure register offset=0xD4F,data=0x0,size=2
 
Read Configure register offset=0xD54,data=0x0,size=2
Write Configure register offset=0xD54,data=0x0,size=2
 
Read Configure register offset=0xD55,data=0x0,size=2
Write Configure register offset=0xD55,data=0x0,size=2
 
Read Configure register offset=0xD56,data=0x0,size=2
Write Configure register offset=0xD56,data=0x0,size=2
 
Read Configure register offset=0xD57,data=0x0,size=2
Write Configure register offset=0xD57,data=0x0,size=2
 
Read Configure register offset=0xD50,data=0x0,size=2
Write Configure register offset=0xD50,data=0x0,size=2
 
Read Configure register offset=0xD51,data=0x0,size=2
Write Configure register offset=0xD51,data=0x0,size=2
 
Read Configure register offset=0xD52,data=0x0,size=2
Write Configure register offset=0xD52,data=0x0,size=2
 
Read Configure register offset=0xD53,data=0x0,size=2
Write Configure register offset=0xD53,data=0x0,size=2
 
Read Configure register offset=0xD58,data=0x0,size=2
Write Configure register offset=0xD58,data=0x0,size=2
 
Read Configure register offset=0xD59,data=0x0,size=2
Write Configure register offset=0xD59,data=0x0,size=2
 
Read Configure register offset=0xD5A,data=0x0,size=2
Write Configure register offset=0xD5A,data=0x0,size=2
 
Read Configure register offset=0xD5B,data=0x0,size=2
Write Configure register offset=0xD5B,data=0x0,size=2
 
Read Configure register offset=0x1CB,data=0x0,size=2
Write Configure register offset=0x1CB,data=0x2,size=2
 
Read Configure register offset=0x174,data=0x0,size=2
Write Configure register offset=0x174,data=0x5,size=2
 
Read Configure register offset=0x174,data=0x0,size=2
Write Configure register offset=0x174,data=0xA0,size=2
 
Read Configure register offset=0x172,data=0x0,size=2
Write Configure register offset=0x172,data=0xC,size=2
 
Read Configure register offset=0x172,data=0x0,size=2
Write Configure register offset=0x172,data=0x3,size=2
 
Read Configure register offset=0x46D,data=0x1111,size=2
Write Configure register offset=0x46D,data=0x1111,size=2
 
Read Configure register offset=0x495,data=0x1111,size=2
Write Configure register offset=0x495,data=0x1111,size=2
 
Read Configure register offset=0xE1A,data=0x0,size=2
Write Configure register offset=0xE1A,data=0x40,size=2
 
Read Configure register offset=0xE1A,data=0x0,size=2
Write Configure register offset=0xE1A,data=0x10,size=2
 
Read Configure register offset=0xE12,data=0x0,size=2
Write Configure register offset=0xE12,data=0x0,size=2
 
Read Configure register offset=0xE12,data=0x0,size=2
Write Configure register offset=0xE12,data=0x0,size=2
 
Read Configure register offset=0xE12,data=0x0,size=2
Write Configure register offset=0xE12,data=0x0,size=2
 
Read Configure register offset=0xE12,data=0x0,size=2
Write Configure register offset=0xE12,data=0x0,size=2
 
Read Configure register offset=0xE13,data=0x0,size=2
Write Configure register offset=0xE13,data=0x0,size=2
 
Read Configure register offset=0xE13,data=0x0,size=2
Write Configure register offset=0xE13,data=0x0,size=2
 
Read Configure register offset=0xE13,data=0x0,size=2
Write Configure register offset=0xE13,data=0x0,size=2
 
Read Configure register offset=0xE13,data=0x0,size=2
Write Configure register offset=0xE13,data=0x0,size=2
 
Read Configure register offset=0xE9F,data=0x0,size=2
Write Configure register offset=0xE9F,data=0x0,size=2
 
Read Configure register offset=0xE9F,data=0x0,size=2
Write Configure register offset=0xE9F,data=0x0,size=2
 
Read Configure register offset=0xE10,data=0x0,size=2
Write Configure register offset=0xE10,data=0x0,size=2
 
Read Configure register offset=0xE11,data=0x0,size=2
Write Configure register offset=0xE11,data=0x0,size=2
 
Read Configure register offset=0xE12,data=0x0,size=2
Write Configure register offset=0xE12,data=0x20,size=2
 
Read Configure register offset=0xE13,data=0x0,size=2
Write Configure register offset=0xE13,data=0x20,size=2
 
_______________________Step5 NBODTLookUpProgramming___________

Write Configure register offset=0x168,data=0xE1,size=1
 
_______________________Step6 DRAMTimingProgramming____________

CL = 11
Read Configure register offset=0x159,data=0x0,size=1
Write Configure register offset=0x159,data=0x7,size=1
 
Trp = 11
Read Configure register offset=0x15B,data=0x0,size=1
Write Configure register offset=0x15B,data=0x7,size=1
 
Read Configure register offset=0x15E,data=0x0,size=1
Write Configure register offset=0x15E,data=0x0,size=1
 
Trcd = 11
Read Configure register offset=0x15A,data=0x0,size=1
Write Configure register offset=0x15A,data=0x38,size=1
 
Tras = 15
Read Configure register offset=0x15C,data=0x0,size=1
Write Configure register offset=0x15C,data=0x0,size=1
 
Trfc = 30
Read Configure register offset=0x15F,data=0x0,size=1
Write Configure register offset=0x15F,data=0x0,size=1
 
Trrd = 4
Read Configure register offset=0x15D,data=0x0,size=1
Write Configure register offset=0x15D,data=0x2,size=1
 
Twr = 5
Read Configure register offset=0x15C,data=0x0,size=1
Write Configure register offset=0x15C,data=0x1,size=1
 
Read Configure register offset=0x15E,data=0x0,size=1
Write Configure register offset=0x15E,data=0x2,size=1
 
Trtp = 5
Read Configure register offset=0x15B,data=0x0,size=1
Write Configure register offset=0x15B,data=0x0,size=1
 
CWL = 8
Read Configure register offset=0x158,data=0x0,size=1
Write Configure register offset=0x158,data=0x4,size=1
 
Read Configure register offset=0x15D,data=0x0,size=1
Read Configure register offset=0x15D,data=0x0,size=1
Write Configure register offset=0x15D,data=0x0,size=1
 
Tcke = 4
Read Configure register offset=0x15A,data=0x0,size=1
Write Configure register offset=0x15A,data=0x1,size=1
 
Txp = 6
Read Configure register offset=0x162,data=0x0,size=2
Write Configure register offset=0x162,data=0x1000,size=2
 
Read Configure register offset=0x145,data=0x0,size=1
Write Configure register offset=0x145,data=0x8,size=1
 
Read Configure register offset=0xA6,data=0x98,size=1
Write Configure register offset=0xA6,data=0xB8,size=1
 
Read Configure register offset=0x149,data=0x0,size=1
Write Configure register offset=0x149,data=0x10,size=1
 
/home/liroding/workspace/edk2/AppPkg/Applications/AXI_DDR3_ITEM/Axi_ddr3/CHX002/DRAMTimingProgramming.c
_______________________Step7 DRAMFreqProgramming______________

Read Configure register offset=0x208,data=0x681E,size=2
Write Configure register offset=0x208,data=0x692E,size=2
 
/home/liroding/workspace/edk2/AppPkg/Applications/AXI_DDR3_ITEM/Axi_ddr3/CHX002/DRAMFreqProgramming.c
_______________________Step8 InitDRAMByRank____________________

Read Configure register offset=0xA0,data=0x98,size=1
Read Configure register offset=0xA0,data=0xBA98,size=2
Write Configure register offset=0xA0,data=0x90,size=2
 
Read Configure register offset=0xA0,data=0x90,size=1
Read Configure register offset=0xA0,data=0x90,size=2
Write Configure register offset=0xA0,data=0x10,size=2
 
Read Configure register offset=0xA1,data=0x10,size=1
Read Configure register offset=0xA1,data=0x1000,size=2
Write Configure register offset=0xA1,data=0x12,size=2
 
Read Configure register offset=0xA1,data=0x10,size=1
Read Configure register offset=0xA1,data=0x12,size=2
Write Configure register offset=0xA1,data=0x30,size=2
 
Read Configure register offset=0xA2,data=0x10,size=1
Read Configure register offset=0xA2,data=0x3200,size=2
Write Configure register offset=0xA2,data=0x14,size=2
 
Read Configure register offset=0xA2,data=0x10,size=1
Read Configure register offset=0xA2,data=0x14,size=2
Write Configure register offset=0xA2,data=0x50,size=2
 
Read Configure register offset=0xA3,data=0x10,size=1
Read Configure register offset=0xA3,data=0x1000,size=2
Write Configure register offset=0xA3,data=0x16,size=2
 
Read Configure register offset=0xA3,data=0x10,size=1
Read Configure register offset=0xA3,data=0x1016,size=2
Write Configure register offset=0xA3,data=0x70,size=2
 
Read Configure register offset=0x145,data=0x0,size=1
Read Configure register offset=0x145,data=0x0,size=1
Write Configure register offset=0x145,data=0x0,size=1
 
Read Configure register offset=0x16A,data=0x0,size=1
Write Configure register offset=0x16A,data=0x0,size=1
 
Read Configure register offset=0x16E,data=0x0,size=1
Write Configure register offset=0x16E,data=0x80,size=1
 
Read Configure register offset=0x172,data=0x0,size=1
Write Configure register offset=0x172,data=0x0,size=1
 
Read Configure register offset=0x16C,data=0x0,size=1
Write Configure register offset=0x16C,data=0x0,size=1
 
Read Configure register offset=0x16C,data=0x0,size=1
Write Configure register offset=0x16C,data=0x20,size=1
 
Read Configure register offset=0xA0,data=0x10,size=1
Read Configure register offset=0xA0,data=0x3010,size=2
Write Configure register offset=0xA0,data=0x18,size=2
 
Read Configure register offset=0xA0,data=0x18,size=1
Read Configure register offset=0xA0,data=0x18,size=2
Write Configure register offset=0xA0,data=0x18,size=2
 
Read Configure register offset=0xA1,data=0x18,size=1
Read Configure register offset=0xA1,data=0x5000,size=2
Write Configure register offset=0xA1,data=0x12,size=2
 
Read Configure register offset=0xA1,data=0x18,size=1
Read Configure register offset=0xA1,data=0x12,size=2
Write Configure register offset=0xA1,data=0x38,size=2
 
Read Configure register offset=0xA2,data=0x18,size=1
Read Configure register offset=0xA2,data=0x7000,size=2
Write Configure register offset=0xA2,data=0x14,size=2
 
Read Configure register offset=0xA2,data=0x18,size=1
Read Configure register offset=0xA2,data=0x14,size=2
Write Configure register offset=0xA2,data=0x58,size=2
 
Read Configure register offset=0xA3,data=0x18,size=1
Read Configure register offset=0xA3,data=0x1800,size=2
Write Configure register offset=0xA3,data=0x16,size=2
 
Read Configure register offset=0xA3,data=0x18,size=1
Read Configure register offset=0xA3,data=0x1816,size=2
Write Configure register offset=0xA3,data=0x78,size=2
 
Read Configure register offset=0x16C,data=0x0,size=1
Write Configure register offset=0x16C,data=0x20,size=1
 
Read Configure register offset=0x16E,data=0x0,size=1
Write Configure register offset=0x16E,data=0x0,size=1
 
Read Configure register offset=0x16E,data=0x0,size=1
Write Configure register offset=0x16E,data=0x0,size=1
 
Read Configure register offset=0x16F,data=0x0,size=1
Write Configure register offset=0x16F,data=0x0,size=1
 
Read Configure register offset=0x16F,data=0x0,size=1
Write Configure register offset=0x16F,data=0x0,size=1
 
Read Configure register offset=0x172,data=0x0,size=1
Write Configure register offset=0x172,data=0x4,size=1
 
Read Configure register offset=0x16D,data=0x0,size=1
Write Configure register offset=0x16D,data=0x0,size=1
 
Read Configure register offset=0x16E,data=0x0,size=1
Write Configure register offset=0x16E,data=0x1,size=1
 
Init Rank 00
Read Configure register offset=0x16E,data=0x0,size=1
Read Configure register offset=0xA0,data=0x18,size=1
Read Configure register offset=0xA0,data=0x3818,size=2
Write Configure register offset=0xA0,data=0x10,size=2
 
Read Configure register offset=0xA0,data=0x10,size=1
Read Configure register offset=0xA0,data=0x10,size=2
Write Configure register offset=0xA0,data=0x90,size=2
 
Read Configure register offset=0xA1,data=0x90,size=1
Read Configure register offset=0xA1,data=0x5800,size=2
Write Configure register offset=0xA1,data=0x92,size=2
 
Read Configure register offset=0xA1,data=0x90,size=1
Read Configure register offset=0xA1,data=0x92,size=2
Write Configure register offset=0xA1,data=0x30,size=2
 
Read Configure register offset=0xA2,data=0x90,size=1
Read Configure register offset=0xA2,data=0x7800,size=2
Write Configure register offset=0xA2,data=0x94,size=2
 
Read Configure register offset=0xA2,data=0x90,size=1
Read Configure register offset=0xA2,data=0x94,size=2
Write Configure register offset=0xA2,data=0x50,size=2
 
Read Configure register offset=0xA3,data=0x90,size=1
Read Configure register offset=0xA3,data=0x9000,size=2
Write Configure register offset=0xA3,data=0x96,size=2
 
Read Configure register offset=0xA3,data=0x90,size=1
Read Configure register offset=0xA3,data=0x9096,size=2
Write Configure register offset=0xA3,data=0x70,size=2
 
Read Configure register offset=0x16C,data=0x0,size=1
Write Configure register offset=0x16C,data=0x20,size=1
 
Read Configure register offset=0x16E,data=0x0,size=1
Write Configure register offset=0x16E,data=0x0,size=1
 
Read Configure register offset=0x16E,data=0x0,size=1
Write Configure register offset=0x16E,data=0x0,size=1
 
Read Configure register offset=0x16F,data=0x0,size=1
Write Configure register offset=0x16F,data=0x0,size=1
 
Read Configure register offset=0x16F,data=0x0,size=1
Write Configure register offset=0x16F,data=0x0,size=1
 
Read Configure register offset=0x172,data=0x0,size=1
Write Configure register offset=0x172,data=0x4,size=1
 
Read Configure register offset=0x16D,data=0x0,size=1
Write Configure register offset=0x16D,data=0x0,size=1
 
Read Configure register offset=0x16E,data=0x0,size=1
Write Configure register offset=0x16E,data=0x1,size=1
 
Init Rank 01
Read Configure register offset=0x16E,data=0x0,size=1
Read Configure register offset=0xA0,data=0x90,size=1
Read Configure register offset=0xA0,data=0x3090,size=2
Write Configure register offset=0xA0,data=0x98,size=2
 
Read Configure register offset=0xA0,data=0x98,size=1
Read Configure register offset=0xA0,data=0x98,size=2
Write Configure register offset=0xA0,data=0x98,size=2
 
Read Configure register offset=0x16D,data=0x0,size=1
Write Configure register offset=0x16D,data=0x0,size=1
 
Read Configure register offset=0x16E,data=0x0,size=1
Write Configure register offset=0x16E,data=0x0,size=1
 
Read Configure register offset=0x16A,data=0x0,size=1
Write Configure register offset=0x16A,data=0x80,size=1
 
Read Configure register offset=0x145,data=0x0,size=1
Write Configure register offset=0x145,data=0x0,size=1
 
execute HwInit
/home/liroding/workspace/edk2/AppPkg/Applications/AXI_DDR3_ITEM/Axi_ddr3/CHX002/InitDRAMByRank.c
send Cache model
Read Configure register offset=0xFFF,data=0x0,size=1
Write Configure register offset=0xFFF,data=0x1,size=1
 
[25;01H[1m[33m[40mFS0:\> [0m[37m[40m